
  .   ____          _            __ _ _
 /\\ / ___'_ __ _ _(_)_ __  __ _ \ \ \ \
( ( )\___ | '_ | '_| | '_ \/ _` | \ \ \ \
 \\/  ___)| |_)| | | | | || (_| |  ) ) ) )
  '  |____| .__|_| |_|_| |_\__, | / / / /
 =========|_|==============|___/=/_/_/_/

 :: Spring Boot ::                (v4.0.3)

2026-03-01T18:56:25.275+01:00  INFO 5504 --- [           main] levelup42.trivia.TriviaApplication       : Starting TriviaApplication v0.0.1-SNAPSHOT using Java 21.0.6 with PID 5504 (C:\Proyectos\Trivia\target\trivia-0.0.1-SNAPSHOT.jar started by Aarón Gómez in C:\Proyectos\Trivia)
2026-03-01T18:56:25.280+01:00  INFO 5504 --- [           main] levelup42.trivia.TriviaApplication       : No active profile set, falling back to 1 default profile: "default"
2026-03-01T18:56:26.377+01:00  INFO 5504 --- [           main] .s.d.r.c.RepositoryConfigurationDelegate : Bootstrapping Spring Data JPA repositories in DEFAULT mode.
2026-03-01T18:56:26.454+01:00  INFO 5504 --- [           main] .s.d.r.c.RepositoryConfigurationDelegate : Finished Spring Data repository scanning in 53 ms. Found 3 JPA repository interfaces.
2026-03-01T18:56:27.274+01:00  INFO 5504 --- [           main] o.s.boot.tomcat.TomcatWebServer          : Tomcat initialized with port 8080 (http)
2026-03-01T18:56:27.291+01:00  INFO 5504 --- [           main] o.apache.catalina.core.StandardService   : Starting service [Tomcat]
2026-03-01T18:56:27.292+01:00  INFO 5504 --- [           main] o.apache.catalina.core.StandardEngine    : Starting Servlet engine: [Apache Tomcat/11.0.18]
2026-03-01T18:56:27.332+01:00  INFO 5504 --- [           main] b.w.c.s.WebApplicationContextInitializer : Root WebApplicationContext: initialization completed in 1984 ms
2026-03-01T18:56:27.769+01:00  INFO 5504 --- [           main] org.hibernate.orm.jpa                    : HHH008540: Processing PersistenceUnitInfo [name: default]
2026-03-01T18:56:27.880+01:00  INFO 5504 --- [           main] org.hibernate.orm.core                   : HHH000001: Hibernate ORM core version 7.2.4.Final
2026-03-01T18:56:28.269+01:00  INFO 5504 --- [           main] o.s.o.j.p.SpringPersistenceUnitInfo      : No LoadTimeWeaver setup: ignoring JPA class transformer
2026-03-01T18:56:28.299+01:00  INFO 5504 --- [           main] com.zaxxer.hikari.HikariDataSource       : HikariPool-1 - Starting...
2026-03-01T18:56:28.469+01:00  INFO 5504 --- [           main] com.zaxxer.hikari.pool.HikariPool        : HikariPool-1 - Added connection org.postgresql.jdbc.PgConnection@21ce2e4d
2026-03-01T18:56:28.472+01:00  INFO 5504 --- [           main] com.zaxxer.hikari.HikariDataSource       : HikariPool-1 - Start completed.
2026-03-01T18:56:28.498+01:00  WARN 5504 --- [           main] org.hibernate.orm.deprecation            : HHH90000025: PostgreSQLDialect does not need to be specified explicitly using 'hibernate.dialect' (remove the property setting and it will be selected by default)
2026-03-01T18:56:28.517+01:00  INFO 5504 --- [           main] org.hibernate.orm.connections.pooling    : HHH10001005: Database info:
	Database JDBC URL [jdbc:postgresql://localhost:5432/trivia]
	Database driver: PostgreSQL JDBC Driver
	Database dialect: PostgreSQLDialect
	Database version: 16.12
	Default catalog/schema: trivia/public
	Autocommit mode: undefined/unknown
	Isolation level: READ_COMMITTED [default READ_COMMITTED]
	JDBC fetch size: none
	Pool: DataSourceConnectionProvider
	Minimum pool size: undefined/unknown
	Maximum pool size: undefined/unknown
2026-03-01T18:56:29.273+01:00  INFO 5504 --- [           main] org.hibernate.orm.core                   : HHH000489: No JTA platform available (set 'hibernate.transaction.jta.platform' to enable JTA platform integration)
2026-03-01T18:56:29.317+01:00  INFO 5504 --- [           main] j.LocalContainerEntityManagerFactoryBean : Initialized JPA EntityManagerFactory for persistence unit 'default'
2026-03-01T18:56:29.412+01:00  INFO 5504 --- [           main] o.s.d.j.r.query.QueryEnhancerFactories   : Hibernate is in classpath; If applicable, HQL parser will be used.
2026-03-01T18:56:29.759+01:00  WARN 5504 --- [           main] JpaBaseConfiguration$JpaWebConfiguration : spring.jpa.open-in-view is enabled by default. Therefore, database queries may be performed during view rendering. Explicitly configure spring.jpa.open-in-view to disable this warning
2026-03-01T18:56:30.316+01:00  INFO 5504 --- [           main] o.s.b.a.e.web.EndpointLinksResolver      : Exposing 1 endpoint beneath base path '/actuator'
2026-03-01T18:56:30.395+01:00  INFO 5504 --- [           main] o.s.boot.tomcat.TomcatWebServer          : Tomcat started on port 8080 (http) with context path '/'
2026-03-01T18:56:30.405+01:00  INFO 5504 --- [           main] levelup42.trivia.TriviaApplication       : Started TriviaApplication in 5.587 seconds (process running for 6.14)
2026-03-01T18:56:36.296+01:00  INFO 5504 --- [nio-8080-exec-1] o.a.c.c.C.[Tomcat].[localhost].[/]       : Initializing Spring DispatcherServlet 'dispatcherServlet'
2026-03-01T18:56:36.298+01:00  INFO 5504 --- [nio-8080-exec-1] o.s.web.servlet.DispatcherServlet        : Initializing Servlet 'dispatcherServlet'
2026-03-01T18:56:36.301+01:00  INFO 5504 --- [nio-8080-exec-1] o.s.web.servlet.DispatcherServlet        : Completed initialization in 2 ms
